{"time":"2025-05-25T18:41:36.432009+02:00","level":"INFO","msg":"Configuration loaded successfully"}
{"time":"2025-05-25T18:41:36.432238+02:00","level":"INFO","msg":"Development mode status","dev_mode":true}
{"time":"2025-05-25T18:41:36.433516+02:00","level":"INFO","msg":"Successfully connected to the database","path":"./night-owls.test.db"}
{"time":"2025-05-25T18:41:36.433554+02:00","level":"INFO","msg":"Preparing to run migrations using DSN","dsn":"sqlite3://./night-owls.test.db"}
{"time":"2025-05-25T18:41:36.434006+02:00","level":"INFO","msg":"Running database migrations..."}
{"time":"2025-05-25T18:41:36.434278+02:00","level":"INFO","msg":"No new migrations to apply."}
{"time":"2025-05-25T18:41:36.434408+02:00","level":"INFO","msg":"Migration instance (DSN-based) closed successfully."}
{"time":"2025-05-25T18:41:36.434488+02:00","level":"INFO","msg":"Cron scheduler started for outbox processing and recurring assignments."}
{"time":"2025-05-25T18:41:36.434903+02:00","level":"INFO","msg":"AuthHandler created with config","dev_mode":true,"server_port":"8080"}
{"time":"2025-05-25T18:41:36.434929+02:00","level":"INFO","msg":"Handler initialization","booking_handler_nil":false,"report_handler_nil":false}
{"time":"2025-05-25T18:41:36.435364+02:00","level":"INFO","msg":"Development mode: dev-login endpoint enabled"}
{"time":"2025-05-25T18:41:36.435659+02:00","level":"INFO","msg":"Serving static files from","path":"/Users/oliver/Repos/night-owls-go/app/build"}
{"time":"2025-05-25T18:41:36.437039+02:00","level":"INFO","msg":"Community Watch Backend Starting HTTP server...","port":"8080"}
{"time":"2025-05-25T18:41:44.511566+02:00","level":"INFO","msg":"RegisterHandler called with dev_mode","handler":"AuthHandler","dev_mode":true}
{"time":"2025-05-25T18:41:44.51398+02:00","level":"INFO","msg":"Development mode enabled, attempting to retrieve OTP","handler":"AuthHandler","phone":"+27821234567"}
{"time":"2025-05-25T18:41:44.514141+02:00","level":"INFO","msg":"Retrieved outbox items for OTP lookup","handler":"AuthHandler","phone":"+27821234567","count":1}
{"time":"2025-05-25T18:41:44.514151+02:00","level":"INFO","msg":"Examining outbox item","handler":"AuthHandler","outbox_id":7,"message_type":"OTP_VERIFICATION","status":"pending"}
{"time":"2025-05-25T18:41:44.514164+02:00","level":"INFO","msg":"Successfully extracted OTP from outbox","handler":"AuthHandler","phone":"+27821234567","otp":"120634"}
{"time":"2025-05-25T18:41:44.51417+02:00","level":"INFO","msg":"Found OTP for development response","handler":"AuthHandler","phone":"+27821234567","otp":"120634"}
{"time":"2025-05-25T18:41:44.51425+02:00","level":"INFO","msg":"HTTP request","method":"POST","path":"/api/auth/register","latency_ms":2,"remote_addr":"[::1]:58553"}
{"time":"2025-05-25T18:41:44.514295+02:00","level":"INFO","msg":"outgoing response","status_code":200,"method":"POST","path":"/api/auth/register","duration_ms":2,"request_id":"de3edf27-db79-4fe5-a60b-46db0d0a7f68","remote_addr":"[::1]:58553"}
{"time":"2025-05-25T18:41:52.493707+02:00","level":"INFO","msg":"OTP validated and JWT generated","service":"UserService","phone":"+27821234567","user_id":1}
{"time":"2025-05-25T18:41:52.493757+02:00","level":"INFO","msg":"HTTP request","method":"POST","path":"/api/auth/verify","latency_ms":0,"remote_addr":"[::1]:58555"}
{"time":"2025-05-25T18:41:52.493765+02:00","level":"INFO","msg":"outgoing response","status_code":200,"method":"POST","path":"/api/auth/verify","duration_ms":0,"request_id":"74dccd3b-4dfe-4928-874e-63153f369fd2","remote_addr":"[::1]:58555"}
{"time":"2025-05-25T18:42:36.001455+02:00","level":"INFO","msg":"Starting to process pending outbox messages...","service":"OutboxDispatcher"}
{"time":"2025-05-25T18:42:36.00194+02:00","level":"INFO","msg":"Fetched pending outbox messages","service":"OutboxDispatcher","count":1}
{"time":"2025-05-25T18:42:36.002145+02:00","level":"INFO","msg":"Message written to log file (mock send)","component":"LogFileMessageSender","recipient":"+27821234567","type":"OTP_VERIFICATION","path":"./sms_outbox.log"}
{"time":"2025-05-25T18:42:36.002224+02:00","level":"INFO","msg":"Successfully dispatched message from outbox","service":"OutboxDispatcher","outbox_id":7,"message_type":"OTP_VERIFICATION"}
{"time":"2025-05-25T18:42:36.00299+02:00","level":"INFO","msg":"Outbox dispatcher finished successfully","processed_count":1}
{"time":"2025-05-25T18:43:36.001291+02:00","level":"INFO","msg":"Starting to process pending outbox messages...","service":"OutboxDispatcher"}
{"time":"2025-05-25T18:43:36.003287+02:00","level":"INFO","msg":"No pending outbox messages found in this batch.","service":"OutboxDispatcher"}
{"time":"2025-05-25T18:44:06.815973+02:00","level":"INFO","msg":"RegisterHandler called with dev_mode","handler":"AuthHandler","dev_mode":true}
{"time":"2025-05-25T18:44:06.817967+02:00","level":"INFO","msg":"Development mode enabled, attempting to retrieve OTP","handler":"AuthHandler","phone":"+27821234567"}
{"time":"2025-05-25T18:44:06.818129+02:00","level":"INFO","msg":"Retrieved outbox items for OTP lookup","handler":"AuthHandler","phone":"+27821234567","count":2}
{"time":"2025-05-25T18:44:06.818138+02:00","level":"INFO","msg":"Examining outbox item","handler":"AuthHandler","outbox_id":8,"message_type":"OTP_VERIFICATION","status":"pending"}
{"time":"2025-05-25T18:44:06.818151+02:00","level":"INFO","msg":"Successfully extracted OTP from outbox","handler":"AuthHandler","phone":"+27821234567","otp":"763105"}
{"time":"2025-05-25T18:44:06.818157+02:00","level":"INFO","msg":"Found OTP for development response","handler":"AuthHandler","phone":"+27821234567","otp":"763105"}
{"time":"2025-05-25T18:44:06.818182+02:00","level":"INFO","msg":"HTTP request","method":"POST","path":"/api/auth/register","latency_ms":2,"remote_addr":"[::1]:58805"}
{"time":"2025-05-25T18:44:06.818194+02:00","level":"INFO","msg":"outgoing response","status_code":200,"method":"POST","path":"/api/auth/register","duration_ms":2,"request_id":"9b45a602-820c-404f-9f77-4bdfc0f50569","remote_addr":"[::1]:58805"}
{"time":"2025-05-25T18:44:06.823755+02:00","level":"INFO","msg":"OTP validated and JWT generated","service":"UserService","phone":"+27821234567","user_id":1}
{"time":"2025-05-25T18:44:06.823788+02:00","level":"INFO","msg":"HTTP request","method":"POST","path":"/api/auth/verify","latency_ms":0,"remote_addr":"[::1]:58805"}
{"time":"2025-05-25T18:44:06.823795+02:00","level":"INFO","msg":"outgoing response","status_code":200,"method":"POST","path":"/api/auth/verify","duration_ms":0,"request_id":"59593a6e-bc2f-4524-99a2-d34bac68d35e","remote_addr":"[::1]:58805"}
{"time":"2025-05-25T18:44:06.826791+02:00","level":"INFO","msg":"HTTP request","method":"GET","path":"/bookings/my","latency_ms":0,"remote_addr":"[::1]:58805"}
{"time":"2025-05-25T18:44:06.826821+02:00","level":"INFO","msg":"outgoing response","status_code":200,"method":"GET","path":"/bookings/my","duration_ms":0,"request_id":"c5dd3ebc-4135-4ec3-86cf-5b229a2dd5d1","remote_addr":"[::1]:58805"}
{"time":"2025-05-25T18:44:06.927176+02:00","level":"INFO","msg":"RegisterHandler called with dev_mode","handler":"AuthHandler","dev_mode":true}
{"time":"2025-05-25T18:44:06.927985+02:00","level":"INFO","msg":"Development mode enabled, attempting to retrieve OTP","handler":"AuthHandler","phone":"+27821234568"}
{"time":"2025-05-25T18:44:06.928054+02:00","level":"INFO","msg":"Retrieved outbox items for OTP lookup","handler":"AuthHandler","phone":"+27821234568","count":1}
{"time":"2025-05-25T18:44:06.928061+02:00","level":"INFO","msg":"Examining outbox item","handler":"AuthHandler","outbox_id":9,"message_type":"OTP_VERIFICATION","status":"pending"}
{"time":"2025-05-25T18:44:06.928069+02:00","level":"INFO","msg":"Successfully extracted OTP from outbox","handler":"AuthHandler","phone":"+27821234568","otp":"795690"}
{"time":"2025-05-25T18:44:06.928073+02:00","level":"INFO","msg":"Found OTP for development response","handler":"AuthHandler","phone":"+27821234568","otp":"795690"}
{"time":"2025-05-25T18:44:06.928084+02:00","level":"INFO","msg":"HTTP request","method":"POST","path":"/api/auth/register","latency_ms":0,"remote_addr":"[::1]:58805"}
{"time":"2025-05-25T18:44:06.92809+02:00","level":"INFO","msg":"outgoing response","status_code":200,"method":"POST","path":"/api/auth/register","duration_ms":0,"request_id":"24a33927-76b4-46a6-a460-7b1cd5991edf","remote_addr":"[::1]:58805"}
{"time":"2025-05-25T18:44:06.930131+02:00","level":"WARN","msg":"OTP validation failed","service":"UserService","phone":"+27821234568"}
{"time":"2025-05-25T18:44:06.930169+02:00","level":"INFO","msg":"HTTP request","method":"POST","path":"/api/auth/verify","latency_ms":0,"remote_addr":"[::1]:58805"}
{"time":"2025-05-25T18:44:06.930174+02:00","level":"INFO","msg":"outgoing response","status_code":401,"method":"POST","path":"/api/auth/verify","duration_ms":0,"request_id":"3a2fb2f0-7c1e-4b33-a8bc-dd8d7e7f925a","remote_addr":"[::1]:58805"}
{"time":"2025-05-25T18:44:07.008989+02:00","level":"INFO","msg":"HTTP request","method":"GET","path":"/bookings/my","latency_ms":0,"remote_addr":"[::1]:58805"}
{"time":"2025-05-25T18:44:07.009027+02:00","level":"INFO","msg":"outgoing response","status_code":401,"method":"GET","path":"/bookings/my","duration_ms":0,"request_id":"1ae74566-be66-4d50-bd42-cc85a2d5793c","remote_addr":"[::1]:58805"}
{"time":"2025-05-25T18:44:36.001462+02:00","level":"INFO","msg":"Starting to process pending outbox messages...","service":"OutboxDispatcher"}
{"time":"2025-05-25T18:44:36.002355+02:00","level":"INFO","msg":"Fetched pending outbox messages","service":"OutboxDispatcher","count":2}
{"time":"2025-05-25T18:44:36.004529+02:00","level":"INFO","msg":"Message written to log file (mock send)","component":"LogFileMessageSender","recipient":"+27821234567","type":"OTP_VERIFICATION","path":"./sms_outbox.log"}
{"time":"2025-05-25T18:44:36.004634+02:00","level":"INFO","msg":"Successfully dispatched message from outbox","service":"OutboxDispatcher","outbox_id":8,"message_type":"OTP_VERIFICATION"}
{"time":"2025-05-25T18:44:36.005984+02:00","level":"INFO","msg":"Message written to log file (mock send)","component":"LogFileMessageSender","recipient":"+27821234568","type":"OTP_VERIFICATION","path":"./sms_outbox.log"}
{"time":"2025-05-25T18:44:36.006021+02:00","level":"INFO","msg":"Successfully dispatched message from outbox","service":"OutboxDispatcher","outbox_id":9,"message_type":"OTP_VERIFICATION"}
{"time":"2025-05-25T18:44:36.006781+02:00","level":"INFO","msg":"Outbox dispatcher finished successfully","processed_count":2}
{"time":"2025-05-25T18:45:36.001203+02:00","level":"INFO","msg":"Starting to process pending outbox messages...","service":"OutboxDispatcher"}
{"time":"2025-05-25T18:45:36.001619+02:00","level":"INFO","msg":"No pending outbox messages found in this batch.","service":"OutboxDispatcher"}
{"time":"2025-05-25T18:47:59.428398+02:00","level":"INFO","msg":"Starting to process pending outbox messages...","service":"OutboxDispatcher"}
{"time":"2025-05-25T18:47:59.428888+02:00","level":"INFO","msg":"No pending outbox messages found in this batch.","service":"OutboxDispatcher"}
{"time":"2025-05-25T18:48:59.001377+02:00","level":"INFO","msg":"Starting to process pending outbox messages...","service":"OutboxDispatcher"}
{"time":"2025-05-25T18:48:59.001766+02:00","level":"INFO","msg":"No pending outbox messages found in this batch.","service":"OutboxDispatcher"}
{"time":"2025-05-25T18:49:10.205501+02:00","level":"INFO","msg":"RegisterHandler called with dev_mode","handler":"AuthHandler","dev_mode":true}
{"time":"2025-05-25T18:49:10.207419+02:00","level":"INFO","msg":"Development mode enabled, attempting to retrieve OTP","handler":"AuthHandler","phone":"+27821234567"}
{"time":"2025-05-25T18:49:10.207623+02:00","level":"INFO","msg":"Retrieved outbox items for OTP lookup","handler":"AuthHandler","phone":"+27821234567","count":3}
{"time":"2025-05-25T18:49:10.207637+02:00","level":"INFO","msg":"Examining outbox item","handler":"AuthHandler","outbox_id":10,"message_type":"OTP_VERIFICATION","status":"pending"}
{"time":"2025-05-25T18:49:10.207661+02:00","level":"INFO","msg":"Successfully extracted OTP from outbox","handler":"AuthHandler","phone":"+27821234567","otp":"069074"}
{"time":"2025-05-25T18:49:10.207676+02:00","level":"INFO","msg":"Found OTP for development response","handler":"AuthHandler","phone":"+27821234567","otp":"069074"}
{"time":"2025-05-25T18:49:10.207715+02:00","level":"INFO","msg":"HTTP request","method":"POST","path":"/api/auth/register","latency_ms":2,"remote_addr":"[::1]:59073"}
{"time":"2025-05-25T18:49:10.207728+02:00","level":"INFO","msg":"outgoing response","status_code":200,"method":"POST","path":"/api/auth/register","duration_ms":2,"request_id":"f55cf0ee-e050-4fa1-9310-5600b93579f6","remote_addr":"[::1]:59073"}
{"time":"2025-05-25T18:49:10.217212+02:00","level":"INFO","msg":"OTP validated and JWT generated","service":"UserService","phone":"+27821234567","user_id":1}
{"time":"2025-05-25T18:49:10.217288+02:00","level":"INFO","msg":"HTTP request","method":"POST","path":"/api/auth/verify","latency_ms":0,"remote_addr":"[::1]:59073"}
{"time":"2025-05-25T18:49:10.217315+02:00","level":"INFO","msg":"outgoing response","status_code":200,"method":"POST","path":"/api/auth/verify","duration_ms":0,"request_id":"47123670-267f-45a4-9310-15353b83e8f6","remote_addr":"[::1]:59073"}
{"time":"2025-05-25T18:49:10.223789+02:00","level":"INFO","msg":"HTTP request","method":"GET","path":"/bookings/my","latency_ms":0,"remote_addr":"[::1]:59073"}
{"time":"2025-05-25T18:49:10.223817+02:00","level":"INFO","msg":"outgoing response","status_code":200,"method":"GET","path":"/bookings/my","duration_ms":0,"request_id":"0f5f1393-5a9b-4426-98b3-a916f3dfa2b0","remote_addr":"[::1]:59073"}
{"time":"2025-05-25T18:49:10.342008+02:00","level":"INFO","msg":"RegisterHandler called with dev_mode","handler":"AuthHandler","dev_mode":true}
{"time":"2025-05-25T18:49:10.34311+02:00","level":"INFO","msg":"Development mode enabled, attempting to retrieve OTP","handler":"AuthHandler","phone":"+27821234568"}
{"time":"2025-05-25T18:49:10.343286+02:00","level":"INFO","msg":"Retrieved outbox items for OTP lookup","handler":"AuthHandler","phone":"+27821234568","count":2}
{"time":"2025-05-25T18:49:10.343293+02:00","level":"INFO","msg":"Examining outbox item","handler":"AuthHandler","outbox_id":11,"message_type":"OTP_VERIFICATION","status":"pending"}
{"time":"2025-05-25T18:49:10.343302+02:00","level":"INFO","msg":"Successfully extracted OTP from outbox","handler":"AuthHandler","phone":"+27821234568","otp":"554575"}
{"time":"2025-05-25T18:49:10.343307+02:00","level":"INFO","msg":"Found OTP for development response","handler":"AuthHandler","phone":"+27821234568","otp":"554575"}
{"time":"2025-05-25T18:49:10.343318+02:00","level":"INFO","msg":"HTTP request","method":"POST","path":"/api/auth/register","latency_ms":1,"remote_addr":"[::1]:59073"}
{"time":"2025-05-25T18:49:10.343323+02:00","level":"INFO","msg":"outgoing response","status_code":200,"method":"POST","path":"/api/auth/register","duration_ms":1,"request_id":"11f7aebf-0d71-4bf0-ac9d-6ab52a163a46","remote_addr":"[::1]:59073"}
{"time":"2025-05-25T18:49:10.346419+02:00","level":"WARN","msg":"OTP validation failed","service":"UserService","phone":"+27821234568"}
{"time":"2025-05-25T18:49:10.346467+02:00","level":"INFO","msg":"HTTP request","method":"POST","path":"/api/auth/verify","latency_ms":0,"remote_addr":"[::1]:59073"}
{"time":"2025-05-25T18:49:10.346474+02:00","level":"INFO","msg":"outgoing response","status_code":401,"method":"POST","path":"/api/auth/verify","duration_ms":0,"request_id":"8790d470-5ea0-42b8-acac-fd9a1990834c","remote_addr":"[::1]:59073"}
{"time":"2025-05-25T18:49:10.436353+02:00","level":"INFO","msg":"HTTP request","method":"GET","path":"/bookings/my","latency_ms":0,"remote_addr":"[::1]:59073"}
{"time":"2025-05-25T18:49:10.436393+02:00","level":"INFO","msg":"outgoing response","status_code":401,"method":"GET","path":"/bookings/my","duration_ms":0,"request_id":"61fa69bf-de28-4587-b242-abf293b5b250","remote_addr":"[::1]:59073"}
{"time":"2025-05-25T18:49:10.537985+02:00","level":"INFO","msg":"RegisterHandler called with dev_mode","handler":"AuthHandler","dev_mode":true}
{"time":"2025-05-25T18:49:10.539006+02:00","level":"INFO","msg":"Development mode enabled, attempting to retrieve OTP","handler":"AuthHandler","phone":"+27821234567"}
{"time":"2025-05-25T18:49:10.539126+02:00","level":"INFO","msg":"Retrieved outbox items for OTP lookup","handler":"AuthHandler","phone":"+27821234567","count":4}
{"time":"2025-05-25T18:49:10.539133+02:00","level":"INFO","msg":"Examining outbox item","handler":"AuthHandler","outbox_id":10,"message_type":"OTP_VERIFICATION","status":"pending"}
{"time":"2025-05-25T18:49:10.539142+02:00","level":"INFO","msg":"Successfully extracted OTP from outbox","handler":"AuthHandler","phone":"+27821234567","otp":"069074"}
{"time":"2025-05-25T18:49:10.539145+02:00","level":"INFO","msg":"Found OTP for development response","handler":"AuthHandler","phone":"+27821234567","otp":"069074"}
{"time":"2025-05-25T18:49:10.53916+02:00","level":"INFO","msg":"HTTP request","method":"POST","path":"/api/auth/register","latency_ms":1,"remote_addr":"[::1]:59073"}
{"time":"2025-05-25T18:49:10.539165+02:00","level":"INFO","msg":"outgoing response","status_code":200,"method":"POST","path":"/api/auth/register","duration_ms":1,"request_id":"85172b57-7b8c-42c3-9d1d-57ec0ac00c3e","remote_addr":"[::1]:59073"}
{"time":"2025-05-25T18:49:10.542127+02:00","level":"INFO","msg":"RegisterHandler called with dev_mode","handler":"AuthHandler","dev_mode":true}
{"time":"2025-05-25T18:49:10.542204+02:00","level":"INFO","msg":"HTTP request","method":"POST","path":"/api/auth/register","latency_ms":0,"remote_addr":"[::1]:59073"}
{"time":"2025-05-25T18:49:10.542251+02:00","level":"INFO","msg":"outgoing response","status_code":400,"method":"POST","path":"/api/auth/register","duration_ms":0,"request_id":"2f834419-203d-47f9-8ec0-65198275880f","remote_addr":"[::1]:59073"}
{"time":"2025-05-25T18:49:10.547121+02:00","level":"INFO","msg":"RegisterHandler called with dev_mode","handler":"AuthHandler","dev_mode":true}
{"time":"2025-05-25T18:49:10.547193+02:00","level":"INFO","msg":"HTTP request","method":"POST","path":"/api/auth/register","latency_ms":0,"remote_addr":"[::1]:59073"}
{"time":"2025-05-25T18:49:10.547201+02:00","level":"INFO","msg":"outgoing response","status_code":400,"method":"POST","path":"/api/auth/register","duration_ms":0,"request_id":"e4d9934c-50b3-4e7b-bde3-371149b3ff49","remote_addr":"[::1]:59073"}
{"time":"2025-05-25T18:49:10.680974+02:00","level":"INFO","msg":"HTTP request","method":"GET","path":"/shifts/available","latency_ms":45,"remote_addr":"[::1]:59073"}
{"time":"2025-05-25T18:49:10.681019+02:00","level":"INFO","msg":"outgoing response","status_code":200,"method":"GET","path":"/shifts/available","duration_ms":45,"request_id":"e5e285f4-8848-4c5c-984f-a3c40d46d9dc","remote_addr":"[::1]:59073"}
{"time":"2025-05-25T18:49:10.773046+02:00","level":"INFO","msg":"RegisterHandler called with dev_mode","handler":"AuthHandler","dev_mode":true}
{"time":"2025-05-25T18:49:10.774113+02:00","level":"INFO","msg":"New user created","service":"UserService","phone":"+27821111111","user_id":6,"role":"admin"}
{"time":"2025-05-25T18:49:10.774761+02:00","level":"INFO","msg":"Development mode enabled, attempting to retrieve OTP","handler":"AuthHandler","phone":"+27821111111"}
{"time":"2025-05-25T18:49:10.774935+02:00","level":"INFO","msg":"Retrieved outbox items for OTP lookup","handler":"AuthHandler","phone":"+27821111111","count":1}
{"time":"2025-05-25T18:49:10.774947+02:00","level":"INFO","msg":"Examining outbox item","handler":"AuthHandler","outbox_id":13,"message_type":"OTP_VERIFICATION","status":"pending"}
{"time":"2025-05-25T18:49:10.774959+02:00","level":"INFO","msg":"Successfully extracted OTP from outbox","handler":"AuthHandler","phone":"+27821111111","otp":"470680"}
{"time":"2025-05-25T18:49:10.774964+02:00","level":"INFO","msg":"Found OTP for development response","handler":"AuthHandler","phone":"+27821111111","otp":"470680"}
{"time":"2025-05-25T18:49:10.774977+02:00","level":"INFO","msg":"HTTP request","method":"POST","path":"/api/auth/register","latency_ms":1,"remote_addr":"[::1]:59073"}
{"time":"2025-05-25T18:49:10.774982+02:00","level":"INFO","msg":"outgoing response","status_code":200,"method":"POST","path":"/api/auth/register","duration_ms":1,"request_id":"7c00c6ce-2437-4665-9262-9e5f5b05be9e","remote_addr":"[::1]:59073"}
{"time":"2025-05-25T18:49:10.777341+02:00","level":"INFO","msg":"Dev login attempt","handler":"AuthHandler","phone":"+27821111111"}
{"time":"2025-05-25T18:49:10.77751+02:00","level":"INFO","msg":"Dev login successful","handler":"AuthHandler","phone":"+27821111111","user_id":6,"role":"admin"}
{"time":"2025-05-25T18:49:10.777543+02:00","level":"INFO","msg":"HTTP request","method":"POST","path":"/api/auth/dev-login","latency_ms":0,"remote_addr":"[::1]:59073"}
{"time":"2025-05-25T18:49:10.777549+02:00","level":"INFO","msg":"outgoing response","status_code":200,"method":"POST","path":"/api/auth/dev-login","duration_ms":0,"request_id":"388697dd-bdaf-4db8-a452-4c0e7f72fe48","remote_addr":"[::1]:59073"}
{"time":"2025-05-25T18:49:10.862919+02:00","level":"INFO","msg":"RegisterHandler called with dev_mode","handler":"AuthHandler","dev_mode":true}
{"time":"2025-05-25T18:49:10.862977+02:00","level":"INFO","msg":"HTTP request","method":"POST","path":"/api/auth/register","latency_ms":0,"remote_addr":"[::1]:59073"}
{"time":"2025-05-25T18:49:10.862985+02:00","level":"INFO","msg":"outgoing response","status_code":400,"method":"POST","path":"/api/auth/register","duration_ms":0,"request_id":"f1858eb3-a780-4d02-af3c-8253a8c986ac","remote_addr":"[::1]:59073"}
{"time":"2025-05-25T18:49:10.865235+02:00","level":"INFO","msg":"RegisterHandler called with dev_mode","handler":"AuthHandler","dev_mode":true}
{"time":"2025-05-25T18:49:10.86528+02:00","level":"INFO","msg":"HTTP request","method":"POST","path":"/api/auth/register","latency_ms":0,"remote_addr":"[::1]:59073"}
{"time":"2025-05-25T18:49:10.865287+02:00","level":"INFO","msg":"outgoing response","status_code":400,"method":"POST","path":"/api/auth/register","duration_ms":0,"request_id":"d179dff4-ee00-4549-b68d-593240fb3e67","remote_addr":"[::1]:59073"}
{"time":"2025-05-25T18:49:59.001375+02:00","level":"INFO","msg":"Starting to process pending outbox messages...","service":"OutboxDispatcher"}
{"time":"2025-05-25T18:49:59.009392+02:00","level":"INFO","msg":"Fetched pending outbox messages","service":"OutboxDispatcher","count":4}
{"time":"2025-05-25T18:49:59.009594+02:00","level":"INFO","msg":"Message written to log file (mock send)","component":"LogFileMessageSender","recipient":"+27821234567","type":"OTP_VERIFICATION","path":"./sms_outbox.log"}
{"time":"2025-05-25T18:49:59.009637+02:00","level":"INFO","msg":"Successfully dispatched message from outbox","service":"OutboxDispatcher","outbox_id":10,"message_type":"OTP_VERIFICATION"}
{"time":"2025-05-25T18:49:59.010206+02:00","level":"INFO","msg":"Message written to log file (mock send)","component":"LogFileMessageSender","recipient":"+27821234568","type":"OTP_VERIFICATION","path":"./sms_outbox.log"}
{"time":"2025-05-25T18:49:59.010227+02:00","level":"INFO","msg":"Successfully dispatched message from outbox","service":"OutboxDispatcher","outbox_id":11,"message_type":"OTP_VERIFICATION"}
{"time":"2025-05-25T18:49:59.010693+02:00","level":"INFO","msg":"Message written to log file (mock send)","component":"LogFileMessageSender","recipient":"+27821234567","type":"OTP_VERIFICATION","path":"./sms_outbox.log"}
{"time":"2025-05-25T18:49:59.01071+02:00","level":"INFO","msg":"Successfully dispatched message from outbox","service":"OutboxDispatcher","outbox_id":12,"message_type":"OTP_VERIFICATION"}
{"time":"2025-05-25T18:49:59.011132+02:00","level":"INFO","msg":"Message written to log file (mock send)","component":"LogFileMessageSender","recipient":"+27821111111","type":"OTP_VERIFICATION","path":"./sms_outbox.log"}
{"time":"2025-05-25T18:49:59.01115+02:00","level":"INFO","msg":"Successfully dispatched message from outbox","service":"OutboxDispatcher","outbox_id":13,"message_type":"OTP_VERIFICATION"}
{"time":"2025-05-25T18:49:59.011524+02:00","level":"INFO","msg":"Outbox dispatcher finished successfully","processed_count":4}
{"time":"2025-05-25T18:50:59.005552+02:00","level":"INFO","msg":"Starting to process pending outbox messages...","service":"OutboxDispatcher"}
{"time":"2025-05-25T18:50:59.00936+02:00","level":"INFO","msg":"No pending outbox messages found in this batch.","service":"OutboxDispatcher"}
{"time":"2025-05-25T18:51:59.001651+02:00","level":"INFO","msg":"Starting to process pending outbox messages...","service":"OutboxDispatcher"}
{"time":"2025-05-25T18:51:59.002923+02:00","level":"INFO","msg":"No pending outbox messages found in this batch.","service":"OutboxDispatcher"}
